  Game.cpp
  GameManager.cpp
  GameObject.cpp
  MainManager.cpp
  Missile.cpp
  PauseManager.cpp
  PreparationManager.cpp
  Thief.cpp
  Tile.cpp
C:\Users\maebo\Documents\Ubisoft\DevelopAtUbisoft\DevelopAtUbisoft\Tile.cpp(16,19): warning C4244: '=' : conversion de 'float' en 'int', perte possible de données
C:\Users\maebo\Documents\Ubisoft\DevelopAtUbisoft\DevelopAtUbisoft\Tile.cpp(17,19): warning C4244: '=' : conversion de 'float' en 'int', perte possible de données
  TitleScreenManager.cpp
  Turret.cpp
C:\Users\maebo\Documents\Ubisoft\DevelopAtUbisoft\DevelopAtUbisoft\Turret.cpp(12,119): warning C4244: 'argument' : conversion de 'const float' en 'T', perte possible de données
C:\Users\maebo\Documents\Ubisoft\DevelopAtUbisoft\DevelopAtUbisoft\Turret.cpp(12,119): warning C4244:         with
C:\Users\maebo\Documents\Ubisoft\DevelopAtUbisoft\DevelopAtUbisoft\Turret.cpp(12,119): warning C4244:         [
C:\Users\maebo\Documents\Ubisoft\DevelopAtUbisoft\DevelopAtUbisoft\Turret.cpp(12,119): warning C4244:             T=int
C:\Users\maebo\Documents\Ubisoft\DevelopAtUbisoft\DevelopAtUbisoft\Turret.cpp(12,119): warning C4244:         ]
C:\Users\maebo\Documents\Ubisoft\DevelopAtUbisoft\DevelopAtUbisoft\Turret.cpp(12,105): warning C4244: 'argument' : conversion de 'const float' en 'T', perte possible de données
C:\Users\maebo\Documents\Ubisoft\DevelopAtUbisoft\DevelopAtUbisoft\Turret.cpp(12,105): warning C4244:         with
C:\Users\maebo\Documents\Ubisoft\DevelopAtUbisoft\DevelopAtUbisoft\Turret.cpp(12,105): warning C4244:         [
C:\Users\maebo\Documents\Ubisoft\DevelopAtUbisoft\DevelopAtUbisoft\Turret.cpp(12,105): warning C4244:             T=int
C:\Users\maebo\Documents\Ubisoft\DevelopAtUbisoft\DevelopAtUbisoft\Turret.cpp(12,105): warning C4244:         ]
C:\Users\maebo\Documents\Ubisoft\DevelopAtUbisoft\DevelopAtUbisoft\Turret.cpp(13,123): warning C4244: 'argument' : conversion de 'const float' en 'T', perte possible de données
C:\Users\maebo\Documents\Ubisoft\DevelopAtUbisoft\DevelopAtUbisoft\Turret.cpp(13,123): warning C4244:         with
C:\Users\maebo\Documents\Ubisoft\DevelopAtUbisoft\DevelopAtUbisoft\Turret.cpp(13,123): warning C4244:         [
C:\Users\maebo\Documents\Ubisoft\DevelopAtUbisoft\DevelopAtUbisoft\Turret.cpp(13,123): warning C4244:             T=int
C:\Users\maebo\Documents\Ubisoft\DevelopAtUbisoft\DevelopAtUbisoft\Turret.cpp(13,123): warning C4244:         ]
C:\Users\maebo\Documents\Ubisoft\DevelopAtUbisoft\DevelopAtUbisoft\Turret.cpp(13,109): warning C4244: 'argument' : conversion de 'const float' en 'T', perte possible de données
C:\Users\maebo\Documents\Ubisoft\DevelopAtUbisoft\DevelopAtUbisoft\Turret.cpp(13,109): warning C4244:         with
C:\Users\maebo\Documents\Ubisoft\DevelopAtUbisoft\DevelopAtUbisoft\Turret.cpp(13,109): warning C4244:         [
C:\Users\maebo\Documents\Ubisoft\DevelopAtUbisoft\DevelopAtUbisoft\Turret.cpp(13,109): warning C4244:             T=int
C:\Users\maebo\Documents\Ubisoft\DevelopAtUbisoft\DevelopAtUbisoft\Turret.cpp(13,109): warning C4244:         ]
  main.cpp
  Génération de code en cours...
  DevelopAtUbisoft.vcxproj -> C:\Users\maebo\Documents\Ubisoft\DevelopAtUbisoft\x64\Debug\DevelopAtUbisoft.exe
